<?xml version="1.0" encoding="UTF-8"?>
<coverage generated="1646296439843" clover="3.2.0">
  <project timestamp="1646296439843" name="All files">
    <metrics statements="68" coveredstatements="67" conditionals="71" coveredconditionals="67" methods="13" coveredmethods="13" elements="152" coveredelements="147" complexity="0" loc="68" ncloc="68" packages="3" files="6" classes="6"/>
    <package name="__fixtures__">
      <metrics statements="1" coveredstatements="1" conditionals="0" coveredconditionals="0" methods="0" coveredmethods="0"/>
      <file name="genDifftestplates.js" path="/home/matt/frontend-project-lvl2/__fixtures__/genDifftestplates.js">
        <metrics statements="1" coveredstatements="1" conditionals="0" coveredconditionals="0" methods="0" coveredmethods="0"/>
        <line num="1" count="5" type="stmt"/>
      </file>
    </package>
    <package name="formatters">
      <metrics statements="28" coveredstatements="27" conditionals="38" coveredconditionals="34" methods="7" coveredmethods="7"/>
      <file name="plain.js" path="/home/matt/frontend-project-lvl2/formatters/plain.js">
        <metrics statements="22" coveredstatements="21" conditionals="33" coveredconditionals="29" methods="4" coveredmethods="4"/>
        <line num="5" count="6" type="cond" truecount="1" falsecount="1"/>
        <line num="8" count="6" type="cond" truecount="2" falsecount="0"/>
        <line num="11" count="6" type="cond" truecount="1" falsecount="1"/>
        <line num="15" count="5" type="cond" truecount="4" falsecount="0"/>
        <line num="17" count="1" type="stmt"/>
        <line num="19" count="2" type="stmt"/>
        <line num="22" count="2" type="stmt"/>
        <line num="27" count="21" type="cond" truecount="4" falsecount="0"/>
        <line num="29" count="8" type="stmt"/>
        <line num="31" count="8" type="stmt"/>
        <line num="34" count="5" type="stmt"/>
        <line num="39" count="1" type="stmt"/>
        <line num="40" count="6" type="cond" truecount="3" falsecount="1"/>
        <line num="41" count="0" type="stmt"/>
        <line num="42" count="6" type="cond" truecount="4" falsecount="0"/>
        <line num="43" count="2" type="stmt"/>
        <line num="44" count="4" type="cond" truecount="4" falsecount="0"/>
        <line num="45" count="1" type="stmt"/>
        <line num="46" count="3" type="cond" truecount="4" falsecount="0"/>
        <line num="47" count="1" type="stmt"/>
        <line num="50" count="6" type="stmt"/>
        <line num="53" count="1" type="stmt"/>
      </file>
      <file name="stringify.js" path="/home/matt/frontend-project-lvl2/formatters/stringify.js">
        <metrics statements="1" coveredstatements="1" conditionals="0" coveredconditionals="0" methods="1" coveredmethods="1"/>
        <line num="1" count="3" type="stmt"/>
      </file>
      <file name="stylish.js" path="/home/matt/frontend-project-lvl2/formatters/stylish.js">
        <metrics statements="5" coveredstatements="5" conditionals="5" coveredconditionals="5" methods="2" coveredmethods="2"/>
        <line num="1" count="1" type="stmt"/>
        <line num="8" count="15" type="stmt"/>
        <line num="9" count="43" type="cond" truecount="4" falsecount="0"/>
        <line num="10" count="11" type="stmt"/>
        <line num="18" count="32" type="stmt"/>
      </file>
    </package>
    <package name="src">
      <metrics statements="39" coveredstatements="39" conditionals="33" coveredconditionals="33" methods="6" coveredmethods="6"/>
      <file name="compareObjs.js" path="/home/matt/frontend-project-lvl2/src/compareObjs.js">
        <metrics statements="31" coveredstatements="31" conditionals="28" coveredconditionals="28" methods="5" coveredmethods="5"/>
        <line num="3" count="4" type="stmt"/>
        <line num="4" count="172" type="cond" truecount="4" falsecount="0"/>
        <line num="5" count="42" type="stmt"/>
        <line num="8" count="130" type="stmt"/>
        <line num="12" count="23" type="stmt"/>
        <line num="13" count="23" type="stmt"/>
        <line num="14" count="23" type="stmt"/>
        <line num="16" count="23" type="stmt"/>
        <line num="17" count="48" type="cond" truecount="2" falsecount="0"/>
        <line num="18" count="16" type="cond" truecount="2" falsecount="0"/>
        <line num="19" count="1" type="stmt"/>
        <line num="21" count="15" type="stmt"/>
        <line num="26" count="23" type="stmt"/>
        <line num="27" count="42" type="cond" truecount="2" falsecount="0"/>
        <line num="28" count="10" type="cond" truecount="2" falsecount="0"/>
        <line num="29" count="2" type="stmt"/>
        <line num="31" count="8" type="stmt"/>
        <line num="33" count="32" type="cond" truecount="4" falsecount="0"/>
        <line num="34" count="1" type="stmt"/>
        <line num="35" count="1" type="stmt"/>
        <line num="36" count="31" type="cond" truecount="4" falsecount="0"/>
        <line num="37" count="1" type="stmt"/>
        <line num="38" count="1" type="stmt"/>
        <line num="39" count="30" type="cond" truecount="4" falsecount="0"/>
        <line num="40" count="7" type="stmt"/>
        <line num="41" count="23" type="cond" truecount="2" falsecount="0"/>
        <line num="42" count="15" type="stmt"/>
        <line num="44" count="8" type="stmt"/>
        <line num="45" count="8" type="stmt"/>
        <line num="49" count="68" type="stmt"/>
        <line num="51" count="23" type="stmt"/>
      </file>
      <file name="parsers.js" path="/home/matt/frontend-project-lvl2/src/parsers.js">
        <metrics statements="8" coveredstatements="8" conditionals="5" coveredconditionals="5" methods="1" coveredmethods="1"/>
        <line num="7" count="3" type="stmt"/>
        <line num="10" count="3" type="cond" truecount="4" falsecount="0"/>
        <line num="12" count="1" type="stmt"/>
        <line num="13" count="1" type="stmt"/>
        <line num="16" count="1" type="stmt"/>
        <line num="17" count="1" type="stmt"/>
        <line num="19" count="1" type="stmt"/>
        <line num="22" count="2" type="stmt"/>
      </file>
    </package>
  </project>
</coverage>
