{"/home/matt/frontend-project-lvl2/__fixtures__/genDifftestplates.js": {"path":"/home/matt/frontend-project-lvl2/__fixtures__/genDifftestplates.js","statementMap":{"0":{"start":{"line":1,"column":17},"end":{"line":47,"column":1}}},"fnMap":{},"branchMap":{},"s":{"0":4},"f":{},"b":{},"_coverageSchema":"1a1c01bbd47fc00a2c39e90264f33305004495a9","hash":"656999b977cc8a399cce602c6a6dc8be57f0484f"}
,"/home/matt/frontend-project-lvl2/formatters/stylish.js": {"path":"/home/matt/frontend-project-lvl2/formatters/stylish.js","statementMap":{"0":{"start":{"line":1,"column":14},"end":{"line":5,"column":1}},"1":{"start":{"line":8,"column":2},"end":{"line":24,"column":5}},"2":{"start":{"line":9,"column":4},"end":{"line":16,"column":5}},"3":{"start":{"line":10,"column":6},"end":{"line":15,"column":8}},"4":{"start":{"line":18,"column":4},"end":{"line":23,"column":6}}},"fnMap":{"0":{"name":"stylish","decl":{"start":{"line":7,"column":9},"end":{"line":7,"column":16}},"loc":{"start":{"line":7,"column":27},"end":{"line":25,"column":1}},"line":7},"1":{"name":"(anonymous_1)","decl":{"start":{"line":8,"column":33},"end":{"line":8,"column":34}},"loc":{"start":{"line":8,"column":51},"end":{"line":24,"column":3}},"line":8}},"branchMap":{"0":{"loc":{"start":{"line":7,"column":17},"end":{"line":7,"column":25}},"type":"default-arg","locations":[{"start":{"line":7,"column":23},"end":{"line":7,"column":25}}],"line":7},"1":{"loc":{"start":{"line":9,"column":4},"end":{"line":16,"column":5}},"type":"if","locations":[{"start":{"line":9,"column":4},"end":{"line":16,"column":5}},{"start":{},"end":{}}],"line":9},"2":{"loc":{"start":{"line":9,"column":8},"end":{"line":9,"column":51}},"type":"binary-expr","locations":[{"start":{"line":9,"column":8},"end":{"line":9,"column":33}},{"start":{"line":9,"column":37},"end":{"line":9,"column":51}}],"line":9}},"s":{"0":1,"1":15,"2":43,"3":11,"4":32},"f":{"0":15,"1":43},"b":{"0":[1],"1":[11,32],"2":[43,12]},"_coverageSchema":"1a1c01bbd47fc00a2c39e90264f33305004495a9","hash":"ee26836f3f3f2378c65d55e5a0b2eb4d5112e82a"}
,"/home/matt/frontend-project-lvl2/src/compareObjs.js": {"path":"/home/matt/frontend-project-lvl2/src/compareObjs.js","statementMap":{"0":{"start":{"line":3,"column":17},"end":{"line":9,"column":1}},"1":{"start":{"line":4,"column":2},"end":{"line":6,"column":3}},"2":{"start":{"line":5,"column":4},"end":{"line":5,"column":16}},"3":{"start":{"line":8,"column":2},"end":{"line":8,"column":15}},"4":{"start":{"line":12,"column":20},"end":{"line":12,"column":41}},"5":{"start":{"line":13,"column":20},"end":{"line":13,"column":41}},"6":{"start":{"line":14,"column":15},"end":{"line":14,"column":17}},"7":{"start":{"line":16,"column":2},"end":{"line":24,"column":5}},"8":{"start":{"line":17,"column":4},"end":{"line":23,"column":5}},"9":{"start":{"line":18,"column":6},"end":{"line":22,"column":7}},"10":{"start":{"line":19,"column":8},"end":{"line":19,"column":57}},"11":{"start":{"line":21,"column":8},"end":{"line":21,"column":41}},"12":{"start":{"line":26,"column":2},"end":{"line":47,"column":5}},"13":{"start":{"line":27,"column":4},"end":{"line":46,"column":5}},"14":{"start":{"line":28,"column":6},"end":{"line":32,"column":7}},"15":{"start":{"line":29,"column":8},"end":{"line":29,"column":57}},"16":{"start":{"line":31,"column":8},"end":{"line":31,"column":41}},"17":{"start":{"line":33,"column":11},"end":{"line":46,"column":5}},"18":{"start":{"line":34,"column":6},"end":{"line":34,"column":44}},"19":{"start":{"line":35,"column":6},"end":{"line":35,"column":55}},"20":{"start":{"line":36,"column":11},"end":{"line":46,"column":5}},"21":{"start":{"line":37,"column":6},"end":{"line":37,"column":65}},"22":{"start":{"line":38,"column":6},"end":{"line":38,"column":39}},"23":{"start":{"line":39,"column":11},"end":{"line":46,"column":5}},"24":{"start":{"line":40,"column":6},"end":{"line":40,"column":60}},"25":{"start":{"line":41,"column":11},"end":{"line":46,"column":5}},"26":{"start":{"line":42,"column":6},"end":{"line":42,"column":39}},"27":{"start":{"line":44,"column":6},"end":{"line":44,"column":44}},"28":{"start":{"line":45,"column":6},"end":{"line":45,"column":39}},"29":{"start":{"line":49,"column":2},"end":{"line":49,"column":76}},"30":{"start":{"line":49,"column":57},"end":{"line":49,"column":73}},"31":{"start":{"line":51,"column":2},"end":{"line":51,"column":16}}},"fnMap":{"0":{"name":"(anonymous_0)","decl":{"start":{"line":3,"column":17},"end":{"line":3,"column":18}},"loc":{"start":{"line":3,"column":26},"end":{"line":9,"column":1}},"line":3},"1":{"name":"genDiff","decl":{"start":{"line":11,"column":9},"end":{"line":11,"column":16}},"loc":{"start":{"line":11,"column":41},"end":{"line":52,"column":1}},"line":11},"2":{"name":"(anonymous_2)","decl":{"start":{"line":16,"column":20},"end":{"line":16,"column":21}},"loc":{"start":{"line":16,"column":38},"end":{"line":24,"column":3}},"line":16},"3":{"name":"(anonymous_3)","decl":{"start":{"line":26,"column":20},"end":{"line":26,"column":21}},"loc":{"start":{"line":26,"column":38},"end":{"line":47,"column":3}},"line":26},"4":{"name":"(anonymous_4)","decl":{"start":{"line":49,"column":47},"end":{"line":49,"column":48}},"loc":{"start":{"line":49,"column":57},"end":{"line":49,"column":73}},"line":49}},"branchMap":{"0":{"loc":{"start":{"line":4,"column":2},"end":{"line":6,"column":3}},"type":"if","locations":[{"start":{"line":4,"column":2},"end":{"line":6,"column":3}},{"start":{},"end":{}}],"line":4},"1":{"loc":{"start":{"line":4,"column":6},"end":{"line":4,"column":45}},"type":"binary-expr","locations":[{"start":{"line":4,"column":6},"end":{"line":4,"column":29}},{"start":{"line":4,"column":33},"end":{"line":4,"column":45}}],"line":4},"2":{"loc":{"start":{"line":11,"column":17},"end":{"line":11,"column":27}},"type":"default-arg","locations":[{"start":{"line":11,"column":25},"end":{"line":11,"column":27}}],"line":11},"3":{"loc":{"start":{"line":11,"column":29},"end":{"line":11,"column":39}},"type":"default-arg","locations":[{"start":{"line":11,"column":37},"end":{"line":11,"column":39}}],"line":11},"4":{"loc":{"start":{"line":17,"column":4},"end":{"line":23,"column":5}},"type":"if","locations":[{"start":{"line":17,"column":4},"end":{"line":23,"column":5}},{"start":{},"end":{}}],"line":17},"5":{"loc":{"start":{"line":18,"column":6},"end":{"line":22,"column":7}},"type":"if","locations":[{"start":{"line":18,"column":6},"end":{"line":22,"column":7}},{"start":{"line":20,"column":13},"end":{"line":22,"column":7}}],"line":18},"6":{"loc":{"start":{"line":27,"column":4},"end":{"line":46,"column":5}},"type":"if","locations":[{"start":{"line":27,"column":4},"end":{"line":46,"column":5}},{"start":{"line":33,"column":11},"end":{"line":46,"column":5}}],"line":27},"7":{"loc":{"start":{"line":28,"column":6},"end":{"line":32,"column":7}},"type":"if","locations":[{"start":{"line":28,"column":6},"end":{"line":32,"column":7}},{"start":{"line":30,"column":13},"end":{"line":32,"column":7}}],"line":28},"8":{"loc":{"start":{"line":33,"column":11},"end":{"line":46,"column":5}},"type":"if","locations":[{"start":{"line":33,"column":11},"end":{"line":46,"column":5}},{"start":{"line":36,"column":11},"end":{"line":46,"column":5}}],"line":33},"9":{"loc":{"start":{"line":33,"column":15},"end":{"line":33,"column":55}},"type":"binary-expr","locations":[{"start":{"line":33,"column":15},"end":{"line":33,"column":30}},{"start":{"line":33,"column":34},"end":{"line":33,"column":55}}],"line":33},"10":{"loc":{"start":{"line":36,"column":11},"end":{"line":46,"column":5}},"type":"if","locations":[{"start":{"line":36,"column":11},"end":{"line":46,"column":5}},{"start":{"line":39,"column":11},"end":{"line":46,"column":5}}],"line":36},"11":{"loc":{"start":{"line":36,"column":15},"end":{"line":36,"column":55}},"type":"binary-expr","locations":[{"start":{"line":36,"column":15},"end":{"line":36,"column":31}},{"start":{"line":36,"column":35},"end":{"line":36,"column":55}}],"line":36},"12":{"loc":{"start":{"line":39,"column":11},"end":{"line":46,"column":5}},"type":"if","locations":[{"start":{"line":39,"column":11},"end":{"line":46,"column":5}},{"start":{"line":41,"column":11},"end":{"line":46,"column":5}}],"line":39},"13":{"loc":{"start":{"line":39,"column":15},"end":{"line":39,"column":54}},"type":"binary-expr","locations":[{"start":{"line":39,"column":15},"end":{"line":39,"column":30}},{"start":{"line":39,"column":34},"end":{"line":39,"column":54}}],"line":39},"14":{"loc":{"start":{"line":41,"column":11},"end":{"line":46,"column":5}},"type":"if","locations":[{"start":{"line":41,"column":11},"end":{"line":46,"column":5}},{"start":{"line":43,"column":11},"end":{"line":46,"column":5}}],"line":41}},"s":{"0":3,"1":148,"2":41,"3":107,"4":22,"5":22,"6":22,"7":22,"8":44,"9":14,"10":1,"11":13,"12":22,"13":39,"14":9,"15":2,"16":7,"17":30,"18":1,"19":1,"20":29,"21":1,"22":1,"23":28,"24":7,"25":21,"26":14,"27":7,"28":7,"29":22,"30":62,"31":22},"f":{"0":148,"1":22,"2":44,"3":39,"4":62},"b":{"0":[41,107],"1":[148,44],"2":[3],"3":[3],"4":[14,30],"5":[1,13],"6":[9,30],"7":[2,7],"8":[1,29],"9":[30,8],"10":[1,28],"11":[29,22],"12":[7,21],"13":[28,7],"14":[14,7]},"_coverageSchema":"1a1c01bbd47fc00a2c39e90264f33305004495a9","hash":"d55e0df6d73d172cbd82b79a7e743f6ed2679b55"}
,"/home/matt/frontend-project-lvl2/src/parsers.js": {"path":"/home/matt/frontend-project-lvl2/src/parsers.js","statementMap":{"0":{"start":{"line":7,"column":21},"end":{"line":7,"column":39}},"1":{"start":{"line":10,"column":2},"end":{"line":20,"column":3}},"2":{"start":{"line":12,"column":6},"end":{"line":12,"column":70}},"3":{"start":{"line":13,"column":6},"end":{"line":13,"column":12}},"4":{"start":{"line":16,"column":6},"end":{"line":16,"column":69}},"5":{"start":{"line":17,"column":6},"end":{"line":17,"column":12}},"6":{"start":{"line":19,"column":6},"end":{"line":19,"column":60}},"7":{"start":{"line":22,"column":2},"end":{"line":22,"column":16}}},"fnMap":{"0":{"name":"parseFormat","decl":{"start":{"line":6,"column":9},"end":{"line":6,"column":20}},"loc":{"start":{"line":6,"column":33},"end":{"line":23,"column":1}},"line":6}},"branchMap":{"0":{"loc":{"start":{"line":6,"column":21},"end":{"line":6,"column":31}},"type":"default-arg","locations":[{"start":{"line":6,"column":28},"end":{"line":6,"column":31}}],"line":6},"1":{"loc":{"start":{"line":10,"column":2},"end":{"line":20,"column":3}},"type":"switch","locations":[{"start":{"line":11,"column":4},"end":{"line":13,"column":12}},{"start":{"line":14,"column":4},"end":{"line":14,"column":15}},{"start":{"line":15,"column":4},"end":{"line":17,"column":12}},{"start":{"line":18,"column":4},"end":{"line":19,"column":60}}],"line":10}},"s":{"0":3,"1":3,"2":1,"3":1,"4":1,"5":1,"6":1,"7":2},"f":{"0":3},"b":{"0":[1],"1":[1,1,1,1]},"_coverageSchema":"1a1c01bbd47fc00a2c39e90264f33305004495a9","hash":"8cab244ca663dafbce173656f827a655261def12"}
,"/home/matt/frontend-project-lvl2/src/stringify.js": {"path":"/home/matt/frontend-project-lvl2/src/stringify.js","statementMap":{"0":{"start":{"line":1,"column":25},"end":{"line":1,"column":77}}},"fnMap":{"0":{"name":"(anonymous_0)","decl":{"start":{"line":1,"column":15},"end":{"line":1,"column":16}},"loc":{"start":{"line":1,"column":25},"end":{"line":1,"column":77}},"line":1}},"branchMap":{},"s":{"0":3},"f":{"0":3},"b":{},"_coverageSchema":"1a1c01bbd47fc00a2c39e90264f33305004495a9","hash":"2a1e6cc780f7a6ddd94d6d415d6c1ede9e790fbd"}
}
