{"/home/matt/frontend-project-lvl2/__fixtures__/genDifftestplates.js": {"path":"/home/matt/frontend-project-lvl2/__fixtures__/genDifftestplates.js","statementMap":{"0":{"start":{"line":1,"column":14},"end":{"line":14,"column":1}}},"fnMap":{},"branchMap":{},"s":{"0":2},"f":{},"b":{},"_coverageSchema":"1a1c01bbd47fc00a2c39e90264f33305004495a9","hash":"f611567e1dca36a78b072b8e7eccb0a4b1277b2f"}
,"/home/matt/frontend-project-lvl2/src/compareObjs.js": {"path":"/home/matt/frontend-project-lvl2/src/compareObjs.js","statementMap":{"0":{"start":{"line":4,"column":20},"end":{"line":4,"column":41}},"1":{"start":{"line":5,"column":20},"end":{"line":5,"column":41}},"2":{"start":{"line":6,"column":17},"end":{"line":6,"column":19}},"3":{"start":{"line":8,"column":2},"end":{"line":19,"column":5}},"4":{"start":{"line":9,"column":4},"end":{"line":18,"column":5}},"5":{"start":{"line":10,"column":6},"end":{"line":15,"column":7}},"6":{"start":{"line":11,"column":8},"end":{"line":11,"column":44}},"7":{"start":{"line":13,"column":8},"end":{"line":13,"column":49}},"8":{"start":{"line":14,"column":8},"end":{"line":14,"column":44}},"9":{"start":{"line":17,"column":6},"end":{"line":17,"column":42}},"10":{"start":{"line":21,"column":2},"end":{"line":25,"column":5}},"11":{"start":{"line":22,"column":4},"end":{"line":24,"column":5}},"12":{"start":{"line":23,"column":6},"end":{"line":23,"column":44}},"13":{"start":{"line":27,"column":23},"end":{"line":27,"column":67}},"14":{"start":{"line":27,"column":50},"end":{"line":27,"column":66}},"15":{"start":{"line":28,"column":2},"end":{"line":28,"column":25}},"16":{"start":{"line":29,"column":2},"end":{"line":29,"column":28}},"17":{"start":{"line":31,"column":2},"end":{"line":31,"column":33}}},"fnMap":{"0":{"name":"genDiff","decl":{"start":{"line":3,"column":9},"end":{"line":3,"column":16}},"loc":{"start":{"line":3,"column":41},"end":{"line":32,"column":1}},"line":3},"1":{"name":"(anonymous_1)","decl":{"start":{"line":8,"column":20},"end":{"line":8,"column":21}},"loc":{"start":{"line":8,"column":38},"end":{"line":19,"column":3}},"line":8},"2":{"name":"(anonymous_2)","decl":{"start":{"line":21,"column":20},"end":{"line":21,"column":21}},"loc":{"start":{"line":21,"column":38},"end":{"line":25,"column":3}},"line":21},"3":{"name":"(anonymous_3)","decl":{"start":{"line":27,"column":40},"end":{"line":27,"column":41}},"loc":{"start":{"line":27,"column":50},"end":{"line":27,"column":66}},"line":27}},"branchMap":{"0":{"loc":{"start":{"line":3,"column":17},"end":{"line":3,"column":27}},"type":"default-arg","locations":[{"start":{"line":3,"column":25},"end":{"line":3,"column":27}}],"line":3},"1":{"loc":{"start":{"line":3,"column":29},"end":{"line":3,"column":39}},"type":"default-arg","locations":[{"start":{"line":3,"column":37},"end":{"line":3,"column":39}}],"line":3},"2":{"loc":{"start":{"line":9,"column":4},"end":{"line":18,"column":5}},"type":"if","locations":[{"start":{"line":9,"column":4},"end":{"line":18,"column":5}},{"start":{"line":16,"column":11},"end":{"line":18,"column":5}}],"line":9},"3":{"loc":{"start":{"line":10,"column":6},"end":{"line":15,"column":7}},"type":"if","locations":[{"start":{"line":10,"column":6},"end":{"line":15,"column":7}},{"start":{"line":12,"column":13},"end":{"line":15,"column":7}}],"line":10},"4":{"loc":{"start":{"line":22,"column":4},"end":{"line":24,"column":5}},"type":"if","locations":[{"start":{"line":22,"column":4},"end":{"line":24,"column":5}},{"start":{},"end":{}}],"line":22}},"s":{"0":3,"1":3,"2":3,"3":3,"4":3,"5":2,"6":1,"7":1,"8":1,"9":1,"10":3,"11":4,"12":2,"13":3,"14":6,"15":3,"16":3,"17":3},"f":{"0":3,"1":3,"2":4,"3":6},"b":{"0":[2],"1":[2],"2":[2,1],"3":[1,1],"4":[2,2]},"_coverageSchema":"1a1c01bbd47fc00a2c39e90264f33305004495a9","hash":"086d40c2a0f7753b2170affd43a7ab12e6edd02c"}
,"/home/matt/frontend-project-lvl2/src/parsers.js": {"path":"/home/matt/frontend-project-lvl2/src/parsers.js","statementMap":{"0":{"start":{"line":7,"column":21},"end":{"line":7,"column":39}},"1":{"start":{"line":10,"column":2},"end":{"line":20,"column":3}},"2":{"start":{"line":12,"column":6},"end":{"line":12,"column":70}},"3":{"start":{"line":13,"column":6},"end":{"line":13,"column":12}},"4":{"start":{"line":16,"column":6},"end":{"line":16,"column":69}},"5":{"start":{"line":17,"column":6},"end":{"line":17,"column":12}},"6":{"start":{"line":19,"column":6},"end":{"line":19,"column":60}},"7":{"start":{"line":22,"column":2},"end":{"line":22,"column":16}}},"fnMap":{"0":{"name":"parseFormat","decl":{"start":{"line":6,"column":9},"end":{"line":6,"column":20}},"loc":{"start":{"line":6,"column":33},"end":{"line":23,"column":1}},"line":6}},"branchMap":{"0":{"loc":{"start":{"line":6,"column":21},"end":{"line":6,"column":31}},"type":"default-arg","locations":[{"start":{"line":6,"column":28},"end":{"line":6,"column":31}}],"line":6},"1":{"loc":{"start":{"line":10,"column":2},"end":{"line":20,"column":3}},"type":"switch","locations":[{"start":{"line":11,"column":4},"end":{"line":13,"column":12}},{"start":{"line":14,"column":4},"end":{"line":14,"column":15}},{"start":{"line":15,"column":4},"end":{"line":17,"column":12}},{"start":{"line":18,"column":4},"end":{"line":19,"column":60}}],"line":10}},"s":{"0":3,"1":3,"2":1,"3":1,"4":1,"5":1,"6":1,"7":2},"f":{"0":3},"b":{"0":[1],"1":[1,1,1,1]},"_coverageSchema":"1a1c01bbd47fc00a2c39e90264f33305004495a9","hash":"8cab244ca663dafbce173656f827a655261def12"}
}
