TN:
SF:__fixtures__/genDifftestplates.js
FNF:0
FNH:0
DA:1,4
LF:1
LH:1
BRF:0
BRH:0
end_of_record
TN:
SF:formatters/stylish.js
FN:7,stylish
FN:8,(anonymous_1)
FNF:2
FNH:2
FNDA:15,stylish
FNDA:43,(anonymous_1)
DA:1,1
DA:8,15
DA:9,43
DA:10,11
DA:18,32
LF:5
LH:5
BRDA:7,0,0,1
BRDA:9,1,0,11
BRDA:9,1,1,32
BRDA:9,2,0,43
BRDA:9,2,1,12
BRF:5
BRH:5
end_of_record
TN:
SF:src/compareObjs.js
FN:3,(anonymous_0)
FN:11,genDiff
FN:16,(anonymous_2)
FN:26,(anonymous_3)
FN:49,(anonymous_4)
FNF:5
FNH:5
FNDA:148,(anonymous_0)
FNDA:22,genDiff
FNDA:44,(anonymous_2)
FNDA:39,(anonymous_3)
FNDA:62,(anonymous_4)
DA:3,3
DA:4,148
DA:5,41
DA:8,107
DA:12,22
DA:13,22
DA:14,22
DA:16,22
DA:17,44
DA:18,14
DA:19,1
DA:21,13
DA:26,22
DA:27,39
DA:28,9
DA:29,2
DA:31,7
DA:33,30
DA:34,1
DA:35,1
DA:36,29
DA:37,1
DA:38,1
DA:39,28
DA:40,7
DA:41,21
DA:42,14
DA:44,7
DA:45,7
DA:49,62
DA:51,22
LF:31
LH:31
BRDA:4,0,0,41
BRDA:4,0,1,107
BRDA:4,1,0,148
BRDA:4,1,1,44
BRDA:11,2,0,3
BRDA:11,3,0,3
BRDA:17,4,0,14
BRDA:17,4,1,30
BRDA:18,5,0,1
BRDA:18,5,1,13
BRDA:27,6,0,9
BRDA:27,6,1,30
BRDA:28,7,0,2
BRDA:28,7,1,7
BRDA:33,8,0,1
BRDA:33,8,1,29
BRDA:33,9,0,30
BRDA:33,9,1,8
BRDA:36,10,0,1
BRDA:36,10,1,28
BRDA:36,11,0,29
BRDA:36,11,1,22
BRDA:39,12,0,7
BRDA:39,12,1,21
BRDA:39,13,0,28
BRDA:39,13,1,7
BRDA:41,14,0,14
BRDA:41,14,1,7
BRF:28
BRH:28
end_of_record
TN:
SF:src/parsers.js
FN:6,parseFormat
FNF:1
FNH:1
FNDA:3,parseFormat
DA:7,3
DA:10,3
DA:12,1
DA:13,1
DA:16,1
DA:17,1
DA:19,1
DA:22,2
LF:8
LH:8
BRDA:6,0,0,1
BRDA:10,1,0,1
BRDA:10,1,1,1
BRDA:10,1,2,1
BRDA:10,1,3,1
BRF:5
BRH:5
end_of_record
TN:
SF:src/stringify.js
FN:1,(anonymous_0)
FNF:1
FNH:1
FNDA:3,(anonymous_0)
DA:1,3
LF:1
LH:1
BRF:0
BRH:0
end_of_record
