TN:
SF:__fixtures__/genDifftestplates.js
FNF:0
FNH:0
DA:1,2
LF:1
LH:1
BRF:0
BRH:0
end_of_record
TN:
SF:src/compareObjs.js
FN:3,genDiff
FN:8,(anonymous_1)
FN:21,(anonymous_2)
FN:27,(anonymous_3)
FNF:4
FNH:4
FNDA:3,genDiff
FNDA:3,(anonymous_1)
FNDA:4,(anonymous_2)
FNDA:6,(anonymous_3)
DA:4,3
DA:5,3
DA:6,3
DA:8,3
DA:9,3
DA:10,2
DA:11,1
DA:13,1
DA:14,1
DA:17,1
DA:21,3
DA:22,4
DA:23,2
DA:27,6
DA:28,3
DA:29,3
DA:31,3
LF:17
LH:17
BRDA:3,0,0,2
BRDA:3,1,0,2
BRDA:9,2,0,2
BRDA:9,2,1,1
BRDA:10,3,0,1
BRDA:10,3,1,1
BRDA:22,4,0,2
BRDA:22,4,1,2
BRF:8
BRH:8
end_of_record
TN:
SF:src/parsers.js
FN:6,parseFormat
FNF:1
FNH:1
FNDA:3,parseFormat
DA:7,3
DA:10,3
DA:12,1
DA:13,1
DA:16,1
DA:17,1
DA:19,1
DA:22,2
LF:8
LH:8
BRDA:6,0,0,1
BRDA:10,1,0,1
BRDA:10,1,1,1
BRDA:10,1,2,1
BRDA:10,1,3,1
BRF:5
BRH:5
end_of_record
